{"/home/runner/work/payment-gateway-bk/payment-gateway-bk/src/application/common/result.ts": {"path":"/home/runner/work/payment-gateway-bk/payment-gateway-bk/src/application/common/result.ts","statementMap":{"0":{"start":{"line":3,"column":20},"end":{"line":3,"column":38}},"1":{"start":{"line":4,"column":20},"end":{"line":4,"column":40}},"2":{"start":{"line":5,"column":20},"end":{"line":5,"column":29}},"3":{"start":{"line":9,"column":4},"end":{"line":9,"column":41}},"4":{"start":{"line":13,"column":4},"end":{"line":13,"column":36}},"5":{"start":{"line":17,"column":4},"end":{"line":19,"column":5}},"6":{"start":{"line":18,"column":6},"end":{"line":18,"column":67}},"7":{"start":{"line":20,"column":4},"end":{"line":20,"column":23}},"8":{"start":{"line":24,"column":4},"end":{"line":26,"column":5}},"9":{"start":{"line":25,"column":6},"end":{"line":25,"column":57}},"10":{"start":{"line":27,"column":4},"end":{"line":27,"column":23}},"11":{"start":{"line":1,"column":0},"end":{"line":1,"column":13}}},"fnMap":{"0":{"name":"(anonymous_0)","decl":{"start":{"line":2,"column":2},"end":{"line":2,"column":null}},"loc":{"start":{"line":5,"column":29},"end":{"line":6,"column":6}}},"1":{"name":"(anonymous_1)","decl":{"start":{"line":8,"column":2},"end":{"line":8,"column":8}},"loc":{"start":{"line":8,"column":23},"end":{"line":10,"column":3}}},"2":{"name":"(anonymous_2)","decl":{"start":{"line":12,"column":2},"end":{"line":12,"column":8}},"loc":{"start":{"line":12,"column":30},"end":{"line":14,"column":3}}},"3":{"name":"(anonymous_3)","decl":{"start":{"line":16,"column":2},"end":{"line":16,"column":10}},"loc":{"start":{"line":16,"column":10},"end":{"line":21,"column":3}}},"4":{"name":"(anonymous_4)","decl":{"start":{"line":23,"column":2},"end":{"line":23,"column":10}},"loc":{"start":{"line":23,"column":10},"end":{"line":28,"column":3}}}},"branchMap":{"0":{"loc":{"start":{"line":17,"column":4},"end":{"line":19,"column":5}},"type":"if","locations":[{"start":{"line":17,"column":4},"end":{"line":19,"column":5}}]},"1":{"loc":{"start":{"line":24,"column":4},"end":{"line":26,"column":5}},"type":"if","locations":[{"start":{"line":24,"column":4},"end":{"line":26,"column":5}}]}},"s":{"0":29,"1":29,"2":29,"3":14,"4":15,"5":17,"6":3,"7":14,"8":17,"9":3,"10":14,"11":4},"f":{"0":29,"1":14,"2":15,"3":17,"4":17},"b":{"0":[3],"1":[3]}}
,"/home/runner/work/payment-gateway-bk/payment-gateway-bk/src/application/services/payments.service.ts": {"path":"/home/runner/work/payment-gateway-bk/payment-gateway-bk/src/application/services/payments.service.ts","statementMap":{"0":{"start":{"line":1,"column":0},"end":{"line":1,"column":36}},"1":{"start":{"line":3,"column":0},"end":{"line":3,"column":60}},"2":{"start":{"line":5,"column":0},"end":{"line":5,"column":44}},"3":{"start":{"line":11,"column":0},"end":{"line":11,"column":58}},"4":{"start":{"line":13,"column":0},"end":{"line":13,"column":57}},"5":{"start":{"line":16,"column":28},"end":{"line":127,"column":null}},"6":{"start":{"line":21,"column":21},"end":{"line":21,"column":57}},"7":{"start":{"line":23,"column":21},"end":{"line":23,"column":57}},"8":{"start":{"line":25,"column":21},"end":{"line":25,"column":63}},"9":{"start":{"line":17,"column":2},"end":{"line":17,"column":44}},"10":{"start":{"line":29,"column":4},"end":{"line":77,"column":5}},"11":{"start":{"line":30,"column":22},"end":{"line":30,"column":77}},"12":{"start":{"line":31,"column":6},"end":{"line":33,"column":7}},"13":{"start":{"line":32,"column":8},"end":{"line":32,"column":48}},"14":{"start":{"line":34,"column":34},"end":{"line":34,"column":79}},"15":{"start":{"line":35,"column":24},"end":{"line":35,"column":36}},"16":{"start":{"line":36,"column":21},"end":{"line":36,"column":60}},"17":{"start":{"line":38,"column":24},"end":{"line":44,"column":8}},"18":{"start":{"line":45,"column":26},"end":{"line":53,"column":8}},"19":{"start":{"line":54,"column":6},"end":{"line":54,"column":21}},"20":{"start":{"line":57,"column":10},"end":{"line":57,"column":77}},"21":{"start":{"line":58,"column":22},"end":{"line":71,"column":8}},"22":{"start":{"line":73,"column":26},"end":{"line":73,"column":70}},"23":{"start":{"line":74,"column":6},"end":{"line":74,"column":36}},"24":{"start":{"line":76,"column":6},"end":{"line":76,"column":32}},"25":{"start":{"line":83,"column":4},"end":{"line":88,"column":5}},"26":{"start":{"line":84,"column":20},"end":{"line":84,"column":72}},"27":{"start":{"line":85,"column":6},"end":{"line":85,"column":30}},"28":{"start":{"line":87,"column":6},"end":{"line":87,"column":32}},"29":{"start":{"line":94,"column":4},"end":{"line":110,"column":5}},"30":{"start":{"line":95,"column":22},"end":{"line":95,"column":62}},"31":{"start":{"line":96,"column":6},"end":{"line":98,"column":7}},"32":{"start":{"line":97,"column":8},"end":{"line":97,"column":48}},"33":{"start":{"line":99,"column":26},"end":{"line":100,"column":null}},"34":{"start":{"line":102,"column":56},"end":{"line":102,"column":72}},"35":{"start":{"line":103,"column":6},"end":{"line":107,"column":9}},"36":{"start":{"line":109,"column":6},"end":{"line":109,"column":32}},"37":{"start":{"line":117,"column":4},"end":{"line":125,"column":5}},"38":{"start":{"line":118,"column":23},"end":{"line":120,"column":null}},"39":{"start":{"line":122,"column":6},"end":{"line":122,"column":33}},"40":{"start":{"line":124,"column":6},"end":{"line":124,"column":32}},"41":{"start":{"line":16,"column":13},"end":{"line":16,"column":28}},"42":{"start":{"line":16,"column":13},"end":{"line":127,"column":null}}},"fnMap":{"0":{"name":"(anonymous_4)","decl":{"start":{"line":19,"column":2},"end":{"line":19,"column":null}},"loc":{"start":{"line":25,"column":63},"end":{"line":26,"column":6}}},"1":{"name":"(anonymous_5)","decl":{"start":{"line":28,"column":2},"end":{"line":28,"column":7}},"loc":{"start":{"line":28,"column":51},"end":{"line":78,"column":3}}},"2":{"name":"(anonymous_6)","decl":{"start":{"line":80,"column":2},"end":{"line":80,"column":7}},"loc":{"start":{"line":80,"column":26},"end":{"line":89,"column":3}}},"3":{"name":"(anonymous_7)","decl":{"start":{"line":91,"column":2},"end":{"line":91,"column":7}},"loc":{"start":{"line":92,"column":14},"end":{"line":111,"column":3}}},"4":{"name":"(anonymous_8)","decl":{"start":{"line":113,"column":2},"end":{"line":113,"column":7}},"loc":{"start":{"line":115,"column":29},"end":{"line":126,"column":3}}}},"branchMap":{"0":{"loc":{"start":{"line":31,"column":6},"end":{"line":33,"column":7}},"type":"if","locations":[{"start":{"line":31,"column":6},"end":{"line":33,"column":7}}]},"1":{"loc":{"start":{"line":96,"column":6},"end":{"line":98,"column":7}},"type":"if","locations":[{"start":{"line":96,"column":6},"end":{"line":98,"column":7}}]}},"s":{"0":2,"1":2,"2":2,"3":2,"4":2,"5":2,"6":14,"7":14,"8":14,"9":14,"10":5,"11":5,"12":5,"13":1,"14":4,"15":4,"16":4,"17":4,"18":3,"19":2,"20":2,"21":2,"22":2,"23":1,"24":3,"25":2,"26":2,"27":1,"28":1,"29":3,"30":3,"31":2,"32":1,"33":1,"34":1,"35":1,"36":1,"37":3,"38":3,"39":2,"40":1,"41":2,"42":2},"f":{"0":14,"1":5,"2":2,"3":3,"4":3},"b":{"0":[1],"1":[1]}}
,"/home/runner/work/payment-gateway-bk/payment-gateway-bk/src/application/services/products.service.ts": {"path":"/home/runner/work/payment-gateway-bk/payment-gateway-bk/src/application/services/products.service.ts","statementMap":{"0":{"start":{"line":1,"column":0},"end":{"line":1,"column":52}},"1":{"start":{"line":3,"column":0},"end":{"line":3,"column":44}},"2":{"start":{"line":9,"column":7},"end":{"line":35,"column":null}},"3":{"start":{"line":12,"column":21},"end":{"line":12,"column":57}},"4":{"start":{"line":16,"column":4},"end":{"line":21,"column":5}},"5":{"start":{"line":17,"column":23},"end":{"line":17,"column":71}},"6":{"start":{"line":18,"column":6},"end":{"line":18,"column":33}},"7":{"start":{"line":20,"column":6},"end":{"line":20,"column":52}},"8":{"start":{"line":25,"column":4},"end":{"line":33,"column":5}},"9":{"start":{"line":26,"column":22},"end":{"line":26,"column":62}},"10":{"start":{"line":27,"column":6},"end":{"line":29,"column":7}},"11":{"start":{"line":28,"column":8},"end":{"line":28,"column":34}},"12":{"start":{"line":30,"column":6},"end":{"line":30,"column":46}},"13":{"start":{"line":32,"column":6},"end":{"line":32,"column":57}},"14":{"start":{"line":9,"column":13},"end":{"line":9,"column":27}},"15":{"start":{"line":9,"column":13},"end":{"line":35,"column":null}}},"fnMap":{"0":{"name":"(anonymous_4)","decl":{"start":{"line":10,"column":2},"end":{"line":10,"column":null}},"loc":{"start":{"line":12,"column":57},"end":{"line":13,"column":6}}},"1":{"name":"(anonymous_5)","decl":{"start":{"line":15,"column":2},"end":{"line":15,"column":7}},"loc":{"start":{"line":15,"column":45},"end":{"line":22,"column":3}}},"2":{"name":"(anonymous_6)","decl":{"start":{"line":24,"column":2},"end":{"line":24,"column":7}},"loc":{"start":{"line":24,"column":33},"end":{"line":34,"column":3}}}},"branchMap":{"0":{"loc":{"start":{"line":27,"column":6},"end":{"line":29,"column":7}},"type":"if","locations":[{"start":{"line":27,"column":6},"end":{"line":29,"column":7}}]}},"s":{"0":2,"1":2,"2":2,"3":6,"4":2,"5":2,"6":1,"7":1,"8":3,"9":3,"10":2,"11":1,"12":1,"13":1,"14":2,"15":2},"f":{"0":6,"1":2,"2":3},"b":{"0":[1]}}
,"/home/runner/work/payment-gateway-bk/payment-gateway-bk/src/domain/entities/payment.entity.ts": {"path":"/home/runner/work/payment-gateway-bk/payment-gateway-bk/src/domain/entities/payment.entity.ts","statementMap":{"0":{"start":{"line":61,"column":4},"end":{"line":61,"column":17}},"1":{"start":{"line":62,"column":4},"end":{"line":62,"column":27}},"2":{"start":{"line":63,"column":4},"end":{"line":63,"column":31}},"3":{"start":{"line":64,"column":4},"end":{"line":64,"column":25}},"4":{"start":{"line":65,"column":4},"end":{"line":65,"column":39}},"5":{"start":{"line":66,"column":4},"end":{"line":66,"column":31}},"6":{"start":{"line":67,"column":4},"end":{"line":67,"column":39}},"7":{"start":{"line":68,"column":4},"end":{"line":68,"column":25}},"8":{"start":{"line":69,"column":4},"end":{"line":69,"column":27}},"9":{"start":{"line":70,"column":4},"end":{"line":70,"column":21}},"10":{"start":{"line":71,"column":4},"end":{"line":71,"column":23}},"11":{"start":{"line":72,"column":4},"end":{"line":72,"column":33}},"12":{"start":{"line":73,"column":4},"end":{"line":73,"column":43}},"13":{"start":{"line":19,"column":0},"end":{"line":19,"column":13}}},"fnMap":{"0":{"name":"(anonymous_0)","decl":{"start":{"line":46,"column":2},"end":{"line":46,"column":14}},"loc":{"start":{"line":60,"column":17},"end":{"line":74,"column":3}}}},"branchMap":{},"s":{"0":6,"1":6,"2":6,"3":6,"4":6,"5":6,"6":6,"7":6,"8":6,"9":6,"10":6,"11":6,"12":6,"13":2},"f":{"0":6},"b":{}}
,"/home/runner/work/payment-gateway-bk/payment-gateway-bk/src/domain/entities/product.entity.ts": {"path":"/home/runner/work/payment-gateway-bk/payment-gateway-bk/src/domain/entities/product.entity.ts","statementMap":{"0":{"start":{"line":3,"column":11},"end":{"line":3,"column":21}},"1":{"start":{"line":4,"column":11},"end":{"line":4,"column":23}},"2":{"start":{"line":5,"column":11},"end":{"line":5,"column":24}},"3":{"start":{"line":6,"column":11},"end":{"line":6,"column":27}},"4":{"start":{"line":7,"column":11},"end":{"line":7,"column":24}},"5":{"start":{"line":8,"column":11},"end":{"line":8,"column":26}},"6":{"start":{"line":9,"column":11},"end":{"line":9,"column":26}},"7":{"start":{"line":1,"column":0},"end":{"line":1,"column":13}}},"fnMap":{"0":{"name":"(anonymous_0)","decl":{"start":{"line":2,"column":2},"end":{"line":2,"column":null}},"loc":{"start":{"line":9,"column":26},"end":{"line":10,"column":6}}}},"branchMap":{},"s":{"0":10,"1":10,"2":10,"3":10,"4":10,"5":10,"6":10,"7":4},"f":{"0":10},"b":{}}
,"/home/runner/work/payment-gateway-bk/payment-gateway-bk/src/infrastructure/http/controllers/payments.controller.ts": {"path":"/home/runner/work/payment-gateway-bk/payment-gateway-bk/src/infrastructure/http/controllers/payments.controller.ts","statementMap":{"0":{"start":{"line":1,"column":0},"end":{"line":1,"column":null}},"1":{"start":{"line":10,"column":0},"end":{"line":10,"column":null}},"2":{"start":{"line":17,"column":0},"end":{"line":17,"column":65}},"3":{"start":{"line":18,"column":0},"end":{"line":18,"column":null}},"4":{"start":{"line":22,"column":0},"end":{"line":22,"column":88}},"5":{"start":{"line":23,"column":0},"end":{"line":23,"column":85}},"6":{"start":{"line":24,"column":0},"end":{"line":24,"column":null}},"7":{"start":{"line":29,"column":0},"end":{"line":29,"column":75}},"8":{"start":{"line":30,"column":0},"end":{"line":30,"column":72}},"9":{"start":{"line":31,"column":0},"end":{"line":31,"column":72}},"10":{"start":{"line":34,"column":7},"end":{"line":93,"column":null}},"11":{"start":{"line":35,"column":31},"end":{"line":35,"column":48}},"12":{"start":{"line":40,"column":4},"end":{"line":40,"column":53}},"13":{"start":{"line":47,"column":19},"end":{"line":47,"column":64}},"14":{"start":{"line":48,"column":4},"end":{"line":50,"column":5}},"15":{"start":{"line":49,"column":6},"end":{"line":49,"column":55}},"16":{"start":{"line":52,"column":4},"end":{"line":52,"column":18}},"17":{"start":{"line":62,"column":22},"end":{"line":62,"column":36}},"18":{"start":{"line":63,"column":4},"end":{"line":63,"column":65}},"19":{"start":{"line":71,"column":19},"end":{"line":90,"column":6}},"20":{"start":{"line":91,"column":4},"end":{"line":91,"column":18}},"21":{"start":{"line":34,"column":13},"end":{"line":34,"column":31}},"22":{"start":{"line":39,"column":8},"end":{"line":41,"column":null}},"23":{"start":{"line":46,"column":8},"end":{"line":53,"column":null}},"24":{"start":{"line":58,"column":8},"end":{"line":64,"column":null}},"25":{"start":{"line":70,"column":8},"end":{"line":92,"column":null}},"26":{"start":{"line":34,"column":13},"end":{"line":93,"column":null}}},"fnMap":{"0":{"name":"(anonymous_4)","decl":{"start":{"line":35,"column":2},"end":{"line":35,"column":31}},"loc":{"start":{"line":35,"column":63},"end":{"line":35,"column":67}}},"1":{"name":"(anonymous_5)","decl":{"start":{"line":39,"column":2},"end":{"line":39,"column":7}},"loc":{"start":{"line":39,"column":26},"end":{"line":41,"column":3}}},"2":{"name":"(anonymous_6)","decl":{"start":{"line":46,"column":2},"end":{"line":46,"column":7}},"loc":{"start":{"line":46,"column":46},"end":{"line":53,"column":3}}},"3":{"name":"(anonymous_7)","decl":{"start":{"line":58,"column":2},"end":{"line":58,"column":7}},"loc":{"start":{"line":60,"column":38},"end":{"line":64,"column":3}}},"4":{"name":"(anonymous_8)","decl":{"start":{"line":70,"column":2},"end":{"line":70,"column":7}},"loc":{"start":{"line":70,"column":64},"end":{"line":92,"column":3}}}},"branchMap":{"0":{"loc":{"start":{"line":48,"column":4},"end":{"line":50,"column":5}},"type":"if","locations":[{"start":{"line":48,"column":4},"end":{"line":50,"column":5}}]}},"s":{"0":1,"1":1,"2":1,"3":1,"4":1,"5":1,"6":1,"7":1,"8":1,"9":1,"10":1,"11":11,"12":1,"13":2,"14":2,"15":1,"16":1,"17":3,"18":3,"19":3,"20":2,"21":1,"22":1,"23":1,"24":1,"25":1,"26":1},"f":{"0":11,"1":1,"2":2,"3":3,"4":3},"b":{"0":[1]}}
,"/home/runner/work/payment-gateway-bk/payment-gateway-bk/src/infrastructure/http/controllers/products.controller.ts": {"path":"/home/runner/work/payment-gateway-bk/payment-gateway-bk/src/infrastructure/http/controllers/products.controller.ts","statementMap":{"0":{"start":{"line":1,"column":0},"end":{"line":1,"column":null}},"1":{"start":{"line":9,"column":0},"end":{"line":9,"column":null}},"2":{"start":{"line":15,"column":0},"end":{"line":15,"column":64}},"3":{"start":{"line":16,"column":0},"end":{"line":16,"column":89}},"4":{"start":{"line":17,"column":0},"end":{"line":17,"column":85}},"5":{"start":{"line":18,"column":0},"end":{"line":18,"column":null}},"6":{"start":{"line":22,"column":0},"end":{"line":22,"column":72}},"7":{"start":{"line":25,"column":7},"end":{"line":53,"column":null}},"8":{"start":{"line":26,"column":31},"end":{"line":26,"column":47}},"9":{"start":{"line":32,"column":19},"end":{"line":32,"column":68}},"10":{"start":{"line":34,"column":4},"end":{"line":36,"column":5}},"11":{"start":{"line":35,"column":6},"end":{"line":35,"column":55}},"12":{"start":{"line":38,"column":4},"end":{"line":38,"column":18}},"13":{"start":{"line":45,"column":19},"end":{"line":45,"column":63}},"14":{"start":{"line":47,"column":4},"end":{"line":49,"column":5}},"15":{"start":{"line":48,"column":6},"end":{"line":48,"column":53}},"16":{"start":{"line":51,"column":4},"end":{"line":51,"column":18}},"17":{"start":{"line":25,"column":13},"end":{"line":25,"column":30}},"18":{"start":{"line":31,"column":8},"end":{"line":39,"column":null}},"19":{"start":{"line":44,"column":8},"end":{"line":52,"column":null}},"20":{"start":{"line":25,"column":13},"end":{"line":53,"column":null}}},"fnMap":{"0":{"name":"(anonymous_4)","decl":{"start":{"line":26,"column":2},"end":{"line":26,"column":31}},"loc":{"start":{"line":26,"column":61},"end":{"line":26,"column":65}}},"1":{"name":"(anonymous_5)","decl":{"start":{"line":31,"column":2},"end":{"line":31,"column":7}},"loc":{"start":{"line":31,"column":57},"end":{"line":39,"column":3}}},"2":{"name":"(anonymous_6)","decl":{"start":{"line":44,"column":2},"end":{"line":44,"column":7}},"loc":{"start":{"line":44,"column":46},"end":{"line":52,"column":3}}}},"branchMap":{"0":{"loc":{"start":{"line":34,"column":4},"end":{"line":36,"column":5}},"type":"if","locations":[{"start":{"line":34,"column":4},"end":{"line":36,"column":5}}]},"1":{"loc":{"start":{"line":47,"column":4},"end":{"line":49,"column":5}},"type":"if","locations":[{"start":{"line":47,"column":4},"end":{"line":49,"column":5}}]}},"s":{"0":1,"1":1,"2":1,"3":1,"4":1,"5":1,"6":1,"7":1,"8":5,"9":2,"10":2,"11":1,"12":1,"13":2,"14":2,"15":1,"16":1,"17":1,"18":1,"19":1,"20":1},"f":{"0":5,"1":2,"2":2},"b":{"0":[1],"1":[1]}}
,"/home/runner/work/payment-gateway-bk/payment-gateway-bk/src/infrastructure/http/docs/payments/bad-request.schema.ts": {"path":"/home/runner/work/payment-gateway-bk/payment-gateway-bk/src/infrastructure/http/docs/payments/bad-request.schema.ts","statementMap":{"0":{"start":{"line":2,"column":0},"end":{"line":2,"column":65}},"1":{"start":{"line":4,"column":13},"end":{"line":42,"column":2}},"2":{"start":{"line":44,"column":13},"end":{"line":66,"column":4}}},"fnMap":{},"branchMap":{},"s":{"0":1,"1":1,"2":1},"f":{},"b":{}}
,"/home/runner/work/payment-gateway-bk/payment-gateway-bk/src/infrastructure/http/docs/payments/created.schema.ts": {"path":"/home/runner/work/payment-gateway-bk/payment-gateway-bk/src/infrastructure/http/docs/payments/created.schema.ts","statementMap":{"0":{"start":{"line":2,"column":0},"end":{"line":2,"column":65}},"1":{"start":{"line":4,"column":13},"end":{"line":52,"column":2}}},"fnMap":{},"branchMap":{},"s":{"0":1,"1":1},"f":{},"b":{}}
,"/home/runner/work/payment-gateway-bk/payment-gateway-bk/src/infrastructure/http/docs/payments/not-found.schema.ts": {"path":"/home/runner/work/payment-gateway-bk/payment-gateway-bk/src/infrastructure/http/docs/payments/not-found.schema.ts","statementMap":{"0":{"start":{"line":2,"column":0},"end":{"line":2,"column":65}},"1":{"start":{"line":4,"column":13},"end":{"line":25,"column":2}}},"fnMap":{},"branchMap":{},"s":{"0":1,"1":1},"f":{},"b":{}}
,"/home/runner/work/payment-gateway-bk/payment-gateway-bk/src/infrastructure/http/docs/payments/ok.schema.ts": {"path":"/home/runner/work/payment-gateway-bk/payment-gateway-bk/src/infrastructure/http/docs/payments/ok.schema.ts","statementMap":{"0":{"start":{"line":2,"column":0},"end":{"line":2,"column":65}},"1":{"start":{"line":4,"column":13},"end":{"line":30,"column":2}},"2":{"start":{"line":32,"column":13},"end":{"line":71,"column":2}},"3":{"start":{"line":73,"column":13},"end":{"line":118,"column":2}}},"fnMap":{},"branchMap":{},"s":{"0":1,"1":1,"2":1,"3":1},"f":{},"b":{}}
,"/home/runner/work/payment-gateway-bk/payment-gateway-bk/src/infrastructure/http/docs/products/bad-request.schema.ts": {"path":"/home/runner/work/payment-gateway-bk/payment-gateway-bk/src/infrastructure/http/docs/products/bad-request.schema.ts","statementMap":{"0":{"start":{"line":2,"column":0},"end":{"line":2,"column":65}},"1":{"start":{"line":4,"column":13},"end":{"line":31,"column":2}}},"fnMap":{},"branchMap":{},"s":{"0":1,"1":1},"f":{},"b":{}}
,"/home/runner/work/payment-gateway-bk/payment-gateway-bk/src/infrastructure/http/docs/products/not-found.schema.ts": {"path":"/home/runner/work/payment-gateway-bk/payment-gateway-bk/src/infrastructure/http/docs/products/not-found.schema.ts","statementMap":{"0":{"start":{"line":2,"column":0},"end":{"line":2,"column":65}},"1":{"start":{"line":4,"column":13},"end":{"line":25,"column":2}}},"fnMap":{},"branchMap":{},"s":{"0":1,"1":1},"f":{},"b":{}}
,"/home/runner/work/payment-gateway-bk/payment-gateway-bk/src/infrastructure/http/docs/products/ok.schema.ts": {"path":"/home/runner/work/payment-gateway-bk/payment-gateway-bk/src/infrastructure/http/docs/products/ok.schema.ts","statementMap":{"0":{"start":{"line":2,"column":0},"end":{"line":2,"column":65}},"1":{"start":{"line":4,"column":13},"end":{"line":33,"column":2}},"2":{"start":{"line":35,"column":13},"end":{"line":64,"column":2}}},"fnMap":{},"branchMap":{},"s":{"0":1,"1":1,"2":1},"f":{},"b":{}}
,"/home/runner/work/payment-gateway-bk/payment-gateway-bk/src/infrastructure/http/dto/delivery-info.dto.ts": {"path":"/home/runner/work/payment-gateway-bk/payment-gateway-bk/src/infrastructure/http/dto/delivery-info.dto.ts","statementMap":{"0":{"start":{"line":1,"column":0},"end":{"line":1,"column":46}},"1":{"start":{"line":2,"column":0},"end":{"line":2,"column":70}},"2":{"start":{"line":4,"column":0},"end":{"line":4,"column":13}},"3":{"start":{"line":8,"column":2},"end":{"line":8,"column":null}},"4":{"start":{"line":13,"column":2},"end":{"line":13,"column":null}},"5":{"start":{"line":18,"column":2},"end":{"line":18,"column":null}},"6":{"start":{"line":22,"column":2},"end":{"line":22,"column":null}}},"fnMap":{},"branchMap":{},"s":{"0":1,"1":1,"2":1,"3":1,"4":1,"5":1,"6":1},"f":{},"b":{}}
,"/home/runner/work/payment-gateway-bk/payment-gateway-bk/src/infrastructure/http/dto/get-payments.dto.ts": {"path":"/home/runner/work/payment-gateway-bk/payment-gateway-bk/src/infrastructure/http/dto/get-payments.dto.ts","statementMap":{"0":{"start":{"line":1,"column":0},"end":{"line":1,"column":46}},"1":{"start":{"line":2,"column":0},"end":{"line":2,"column":54}},"2":{"start":{"line":4,"column":0},"end":{"line":4,"column":13}},"3":{"start":{"line":8,"column":2},"end":{"line":8,"column":null}}},"fnMap":{},"branchMap":{},"s":{"0":1,"1":1,"2":1,"3":1},"f":{},"b":{}}
,"/home/runner/work/payment-gateway-bk/payment-gateway-bk/src/infrastructure/http/dto/pagination.dto.ts": {"path":"/home/runner/work/payment-gateway-bk/payment-gateway-bk/src/infrastructure/http/dto/pagination.dto.ts","statementMap":{"0":{"start":{"line":1,"column":0},"end":{"line":1,"column":46}},"1":{"start":{"line":2,"column":0},"end":{"line":2,"column":41}},"2":{"start":{"line":3,"column":0},"end":{"line":3,"column":48}},"3":{"start":{"line":13,"column":2},"end":{"line":13,"column":19}},"4":{"start":{"line":22,"column":2},"end":{"line":22,"column":20}},"5":{"start":{"line":5,"column":0},"end":{"line":5,"column":13}},"6":{"start":{"line":13,"column":2},"end":{"line":13,"column":null}},"7":{"start":{"line":10,"column":14},"end":{"line":10,"column":20}},"8":{"start":{"line":22,"column":2},"end":{"line":22,"column":null}},"9":{"start":{"line":19,"column":14},"end":{"line":19,"column":20}}},"fnMap":{"0":{"name":"(anonymous_2)","decl":{"start":{"line":5,"column":0},"end":{"line":5,"column":13}},"loc":{"start":{"line":5,"column":0},"end":{"line":23,"column":1}}},"1":{"name":"(anonymous_3)","decl":{"start":{"line":10,"column":8},"end":{"line":10,"column":11}},"loc":{"start":{"line":10,"column":14},"end":{"line":10,"column":20}}},"2":{"name":"(anonymous_4)","decl":{"start":{"line":19,"column":8},"end":{"line":19,"column":11}},"loc":{"start":{"line":19,"column":14},"end":{"line":19,"column":20}}}},"branchMap":{},"s":{"0":2,"1":2,"2":2,"3":5,"4":5,"5":2,"6":2,"7":1,"8":2,"9":1},"f":{"0":5,"1":1,"2":1},"b":{}}
,"/home/runner/work/payment-gateway-bk/payment-gateway-bk/src/infrastructure/http/dto/payment.dto.ts": {"path":"/home/runner/work/payment-gateway-bk/payment-gateway-bk/src/infrastructure/http/dto/payment.dto.ts","statementMap":{"0":{"start":{"line":1,"column":0},"end":{"line":1,"column":46}},"1":{"start":{"line":2,"column":0},"end":{"line":2,"column":41}},"2":{"start":{"line":3,"column":0},"end":{"line":3,"column":null}},"3":{"start":{"line":14,"column":0},"end":{"line":14,"column":54}},"4":{"start":{"line":16,"column":0},"end":{"line":16,"column":13}},"5":{"start":{"line":20,"column":2},"end":{"line":20,"column":null}},"6":{"start":{"line":25,"column":2},"end":{"line":25,"column":null}},"7":{"start":{"line":33,"column":2},"end":{"line":33,"column":null}},"8":{"start":{"line":38,"column":2},"end":{"line":38,"column":null}},"9":{"start":{"line":43,"column":2},"end":{"line":43,"column":null}},"10":{"start":{"line":47,"column":2},"end":{"line":47,"column":null}},"11":{"start":{"line":52,"column":2},"end":{"line":52,"column":null}},"12":{"start":{"line":57,"column":2},"end":{"line":57,"column":null}},"13":{"start":{"line":62,"column":2},"end":{"line":62,"column":null}},"14":{"start":{"line":67,"column":2},"end":{"line":67,"column":null}},"15":{"start":{"line":72,"column":2},"end":{"line":72,"column":null}},"16":{"start":{"line":71,"column":14},"end":{"line":71,"column":29}}},"fnMap":{"0":{"name":"(anonymous_2)","decl":{"start":{"line":71,"column":8},"end":{"line":71,"column":11}},"loc":{"start":{"line":71,"column":14},"end":{"line":71,"column":29}}}},"branchMap":{},"s":{"0":1,"1":1,"2":1,"3":1,"4":1,"5":1,"6":1,"7":1,"8":1,"9":1,"10":1,"11":1,"12":1,"13":1,"14":1,"15":1,"16":1},"f":{"0":1},"b":{}}
,"/home/runner/work/payment-gateway-bk/payment-gateway-bk/src/infrastructure/utils/sleep.util.ts": {"path":"/home/runner/work/payment-gateway-bk/payment-gateway-bk/src/infrastructure/utils/sleep.util.ts","statementMap":{"0":{"start":{"line":1,"column":21},"end":{"line":4,"column":4}},"1":{"start":{"line":2,"column":2},"end":{"line":4,"column":4}},"2":{"start":{"line":3,"column":4},"end":{"line":3,"column":40}},"3":{"start":{"line":1,"column":13},"end":{"line":1,"column":21}}},"fnMap":{"0":{"name":"(anonymous_0)","decl":{"start":{"line":1,"column":21},"end":{"line":1,"column":22}},"loc":{"start":{"line":2,"column":2},"end":{"line":4,"column":4}}},"1":{"name":"(anonymous_1)","decl":{"start":{"line":2,"column":14},"end":{"line":2,"column":15}},"loc":{"start":{"line":2,"column":26},"end":{"line":4,"column":3}}}},"branchMap":{},"s":{"0":2,"1":2,"2":2,"3":2},"f":{"0":2,"1":2},"b":{}}
}
