TN:
SF:src/application/common/result.ts
FN:2,(anonymous_0)
FN:8,(anonymous_1)
FN:12,(anonymous_2)
FN:16,(anonymous_3)
FN:23,(anonymous_4)
FNF:5
FNH:5
FNDA:29,(anonymous_0)
FNDA:14,(anonymous_1)
FNDA:15,(anonymous_2)
FNDA:17,(anonymous_3)
FNDA:17,(anonymous_4)
DA:1,4
DA:3,29
DA:4,29
DA:5,29
DA:9,14
DA:13,15
DA:17,17
DA:18,3
DA:20,14
DA:24,17
DA:25,3
DA:27,14
LF:12
LH:12
BRDA:17,0,0,3
BRDA:24,1,0,3
BRF:2
BRH:2
end_of_record
TN:
SF:src/application/services/payments.service.ts
FN:19,(anonymous_4)
FN:28,(anonymous_5)
FN:80,(anonymous_6)
FN:91,(anonymous_7)
FN:113,(anonymous_8)
FNF:5
FNH:5
FNDA:14,(anonymous_4)
FNDA:5,(anonymous_5)
FNDA:2,(anonymous_6)
FNDA:3,(anonymous_7)
FNDA:3,(anonymous_8)
DA:1,2
DA:3,2
DA:5,2
DA:11,2
DA:13,2
DA:16,2
DA:17,14
DA:21,14
DA:23,14
DA:25,14
DA:29,5
DA:30,5
DA:31,5
DA:32,1
DA:34,4
DA:35,4
DA:36,4
DA:38,4
DA:45,3
DA:54,2
DA:57,2
DA:58,2
DA:73,2
DA:74,1
DA:76,3
DA:83,2
DA:84,2
DA:85,1
DA:87,1
DA:94,3
DA:95,3
DA:96,2
DA:97,1
DA:99,1
DA:102,1
DA:103,1
DA:109,1
DA:117,3
DA:118,3
DA:122,2
DA:124,1
LF:41
LH:41
BRDA:31,0,0,1
BRDA:96,1,0,1
BRF:2
BRH:2
end_of_record
TN:
SF:src/application/services/products.service.ts
FN:10,(anonymous_4)
FN:15,(anonymous_5)
FN:24,(anonymous_6)
FNF:3
FNH:3
FNDA:6,(anonymous_4)
FNDA:2,(anonymous_5)
FNDA:3,(anonymous_6)
DA:1,2
DA:3,2
DA:9,2
DA:12,6
DA:16,2
DA:17,2
DA:18,1
DA:20,1
DA:25,3
DA:26,3
DA:27,2
DA:28,1
DA:30,1
DA:32,1
LF:14
LH:14
BRDA:27,0,0,1
BRF:1
BRH:1
end_of_record
TN:
SF:src/domain/entities/payment.entity.ts
FN:46,(anonymous_0)
FNF:1
FNH:1
FNDA:6,(anonymous_0)
DA:19,2
DA:61,6
DA:62,6
DA:63,6
DA:64,6
DA:65,6
DA:66,6
DA:67,6
DA:68,6
DA:69,6
DA:70,6
DA:71,6
DA:72,6
DA:73,6
LF:14
LH:14
BRF:0
BRH:0
end_of_record
TN:
SF:src/domain/entities/product.entity.ts
FN:2,(anonymous_0)
FNF:1
FNH:1
FNDA:10,(anonymous_0)
DA:1,4
DA:3,10
DA:4,10
DA:5,10
DA:6,10
DA:7,10
DA:8,10
DA:9,10
LF:8
LH:8
BRF:0
BRH:0
end_of_record
TN:
SF:src/infrastructure/http/controllers/payments.controller.ts
FN:35,(anonymous_4)
FN:39,(anonymous_5)
FN:46,(anonymous_6)
FN:58,(anonymous_7)
FN:70,(anonymous_8)
FNF:5
FNH:5
FNDA:11,(anonymous_4)
FNDA:1,(anonymous_5)
FNDA:2,(anonymous_6)
FNDA:3,(anonymous_7)
FNDA:3,(anonymous_8)
DA:1,1
DA:10,1
DA:17,1
DA:18,1
DA:22,1
DA:23,1
DA:24,1
DA:29,1
DA:30,1
DA:31,1
DA:34,1
DA:35,11
DA:39,1
DA:40,1
DA:46,1
DA:47,2
DA:48,2
DA:49,1
DA:52,1
DA:58,1
DA:62,3
DA:63,3
DA:70,1
DA:71,3
DA:91,2
LF:25
LH:25
BRDA:48,0,0,1
BRF:1
BRH:1
end_of_record
TN:
SF:src/infrastructure/http/controllers/products.controller.ts
FN:26,(anonymous_4)
FN:31,(anonymous_5)
FN:44,(anonymous_6)
FNF:3
FNH:3
FNDA:5,(anonymous_4)
FNDA:2,(anonymous_5)
FNDA:2,(anonymous_6)
DA:1,1
DA:9,1
DA:15,1
DA:16,1
DA:17,1
DA:18,1
DA:22,1
DA:25,1
DA:26,5
DA:31,1
DA:32,2
DA:34,2
DA:35,1
DA:38,1
DA:44,1
DA:45,2
DA:47,2
DA:48,1
DA:51,1
LF:19
LH:19
BRDA:34,0,0,1
BRDA:47,1,0,1
BRF:2
BRH:2
end_of_record
TN:
SF:src/infrastructure/http/docs/payments/bad-request.schema.ts
FNF:0
FNH:0
DA:2,1
DA:4,1
DA:44,1
LF:3
LH:3
BRF:0
BRH:0
end_of_record
TN:
SF:src/infrastructure/http/docs/payments/created.schema.ts
FNF:0
FNH:0
DA:2,1
DA:4,1
LF:2
LH:2
BRF:0
BRH:0
end_of_record
TN:
SF:src/infrastructure/http/docs/payments/not-found.schema.ts
FNF:0
FNH:0
DA:2,1
DA:4,1
LF:2
LH:2
BRF:0
BRH:0
end_of_record
TN:
SF:src/infrastructure/http/docs/payments/ok.schema.ts
FNF:0
FNH:0
DA:2,1
DA:4,1
DA:32,1
DA:73,1
LF:4
LH:4
BRF:0
BRH:0
end_of_record
TN:
SF:src/infrastructure/http/docs/products/bad-request.schema.ts
FNF:0
FNH:0
DA:2,1
DA:4,1
LF:2
LH:2
BRF:0
BRH:0
end_of_record
TN:
SF:src/infrastructure/http/docs/products/not-found.schema.ts
FNF:0
FNH:0
DA:2,1
DA:4,1
LF:2
LH:2
BRF:0
BRH:0
end_of_record
TN:
SF:src/infrastructure/http/docs/products/ok.schema.ts
FNF:0
FNH:0
DA:2,1
DA:4,1
DA:35,1
LF:3
LH:3
BRF:0
BRH:0
end_of_record
TN:
SF:src/infrastructure/http/dto/delivery-info.dto.ts
FNF:0
FNH:0
DA:1,1
DA:2,1
DA:4,1
DA:8,1
DA:13,1
DA:18,1
DA:22,1
LF:7
LH:7
BRF:0
BRH:0
end_of_record
TN:
SF:src/infrastructure/http/dto/get-payments.dto.ts
FNF:0
FNH:0
DA:1,1
DA:2,1
DA:4,1
DA:8,1
LF:4
LH:4
BRF:0
BRH:0
end_of_record
TN:
SF:src/infrastructure/http/dto/pagination.dto.ts
FN:5,(anonymous_2)
FN:10,(anonymous_3)
FN:19,(anonymous_4)
FNF:3
FNH:3
FNDA:5,(anonymous_2)
FNDA:1,(anonymous_3)
FNDA:1,(anonymous_4)
DA:1,2
DA:2,2
DA:3,2
DA:5,2
DA:10,1
DA:13,5
DA:19,1
DA:22,5
LF:8
LH:8
BRF:0
BRH:0
end_of_record
TN:
SF:src/infrastructure/http/dto/payment.dto.ts
FN:71,(anonymous_2)
FNF:1
FNH:1
FNDA:1,(anonymous_2)
DA:1,1
DA:2,1
DA:3,1
DA:14,1
DA:16,1
DA:20,1
DA:25,1
DA:33,1
DA:38,1
DA:43,1
DA:47,1
DA:52,1
DA:57,1
DA:62,1
DA:67,1
DA:71,1
DA:72,1
LF:17
LH:17
BRF:0
BRH:0
end_of_record
TN:
SF:src/infrastructure/utils/sleep.util.ts
FN:1,(anonymous_0)
FN:2,(anonymous_1)
FNF:2
FNH:2
FNDA:2,(anonymous_0)
FNDA:2,(anonymous_1)
DA:1,2
DA:2,2
DA:3,2
LF:3
LH:3
BRF:0
BRH:0
end_of_record
